<?xml version="1.0" encoding="UTF-8"?>
<!-- Generated by org.testng.reporters.JUnitReportReporter -->
<testsuite hostname="Vijay" failures="0" tests="1" name="testCases.TC_014_CheckOut" time="11.873" errors="0" timestamp="2023-10-18T16:08:16 IST" skipped="0">
  <testcase classname="testCases.TC_014_CheckOut" name="test_CheckOut" time="11.873"/>
</testsuite> <!-- testCases.TC_014_CheckOut -->
