<?xml version="1.0" encoding="UTF-8"?>
<!-- Generated by org.testng.reporters.JUnitReportReporter -->
<testsuite hostname="Vijay" failures="0" tests="1" name="testCases.TC_018_AdressBook" time="6.382" errors="0" timestamp="2023-10-20T19:44:31 IST" skipped="0">
  <testcase classname="testCases.TC_018_AdressBook" name="test_AdressBook" time="6.382"/>
</testsuite> <!-- testCases.TC_018_AdressBook -->
