<?xml version="1.0" encoding="UTF-8"?>
<!-- Generated by org.testng.reporters.JUnitReportReporter -->
<testsuite hostname="Vijay" failures="0" tests="1" name="testCases.TC_010_AddtoCart" time="4.375" errors="0" timestamp="2023-10-18T15:13:44 IST" skipped="0">
  <testcase classname="testCases.TC_010_AddtoCart" name="test_AddtoCartTest" time="4.375"/>
</testsuite> <!-- testCases.TC_010_AddtoCart -->
