<?xml version="1.0" encoding="UTF-8"?>
<!-- Generated by org.testng.reporters.JUnitReportReporter -->
<testsuite hostname="Vijay" failures="0" tests="5" name="testCases.TC_003_DataDriven_Test" time="72.587" errors="0" timestamp="2023-10-18T15:13:44 IST" skipped="0">
  <testcase classname="testCases.TC_003_DataDriven_Test" name="test_Login" time="24.469"/>
  <testcase classname="testCases.TC_003_DataDriven_Test" name="test_Login" time="1.806"/>
  <testcase classname="testCases.TC_003_DataDriven_Test" name="test_Login" time="21.467"/>
  <testcase classname="testCases.TC_003_DataDriven_Test" name="test_Login" time="21.743"/>
  <testcase classname="testCases.TC_003_DataDriven_Test" name="test_Login" time="3.102"/>
</testsuite> <!-- testCases.TC_003_DataDriven_Test -->
