<?xml version="1.0" encoding="UTF-8"?>
<!-- Generated by org.testng.reporters.JUnitReportReporter -->
<testsuite hostname="Vijay" failures="0" tests="1" name="testCases.TC_016_MyAccountInformation" time="5.827" errors="0" timestamp="2023-10-18T15:24:47 IST" skipped="0">
  <testcase classname="testCases.TC_016_MyAccountInformation" name="test_MyAccountInformation" time="5.827"/>
</testsuite> <!-- testCases.TC_016_MyAccountInformation -->
