<?xml version="1.0" encoding="UTF-8"?>
<!-- Generated by org.testng.reporters.JUnitReportReporter -->
<testsuite hostname="Vijay" failures="0" tests="1" name="testCases.TC_013_HomePage" time="12.337" errors="0" timestamp="2023-10-18T15:13:44 IST" skipped="0">
  <testcase classname="testCases.TC_013_HomePage" name="test_HomePage" time="12.337"/>
</testsuite> <!-- testCases.TC_013_HomePage -->
