<?xml version="1.0" encoding="UTF-8"?>
<!-- Generated by org.testng.reporters.JUnitReportReporter -->
<testsuite hostname="Vijay" failures="0" tests="1" name="testCases.EndtoEndTestCase" time="37.262" errors="0" timestamp="2023-10-20T05:42:57 IST" skipped="0">
  <testcase classname="testCases.EndtoEndTestCase" name="test_ChangePassword" time="37.262"/>
</testsuite> <!-- testCases.EndtoEndTestCase -->
