<?xml version="1.0" encoding="UTF-8"?>
<!-- Generated by org.testng.reporters.JUnitReportReporter -->
<testsuite hostname="Vijay" failures="0" tests="1" name="testCases.TC_017_ChangePassword" time="5.200" errors="0" timestamp="2023-10-20T17:44:58 IST" skipped="0">
  <testcase classname="testCases.TC_017_ChangePassword" name="test_ChangePassword" time="5.200"/>
</testsuite> <!-- testCases.TC_017_ChangePassword -->
