<?xml version="1.0" encoding="UTF-8"?>
<!-- Generated by org.testng.reporters.JUnitReportReporter -->
<testsuite hostname="Vijay" failures="0" tests="1" name="testCases.TC_005_Currency" time="2.624" errors="0" timestamp="2023-10-18T15:13:44 IST" skipped="0">
  <testcase classname="testCases.TC_005_Currency" name="test_Currency" time="2.624"/>
</testsuite> <!-- testCases.TC_005_Currency -->
