<?xml version="1.0" encoding="UTF-8"?>
<!-- Generated by org.testng.reporters.JUnitReportReporter -->
<testsuite hostname="Vijay" failures="0" tests="1" name="testCases.TC_007_Serch" time="1.777" errors="0" timestamp="2023-10-19T12:20:47 IST" skipped="0">
  <testcase classname="testCases.TC_007_Serch" name="test_Serch" time="1.777"/>
</testsuite> <!-- testCases.TC_007_Serch -->
